{"contracts/AttackReentrancy.sol":{"l":{"16":24,"17":24,"18":24,"19":24,"25":21,"27":21,"32":4},"path":"/Users/frankmacmini/my-hardhat-project/contracts/AttackReentrancy.sol","s":{"1":21,"2":21},"b":{"1":[4,0]},"f":{"1":24,"2":21},"fnMap":{"1":{"name":"constructor","line":15,"loc":{"start":{"line":15,"column":4},"end":{"line":20,"column":4}}},"2":{"name":"attack","line":23,"loc":{"start":{"line":23,"column":4},"end":{"line":28,"column":4}}}},"statementMap":{"1":{"start":{"line":25,"column":8},"end":{"line":25,"column":93}},"2":{"start":{"line":27,"column":8},"end":{"line":27,"column":63}}},"branchMap":{"1":{"line":32,"type":"if","locations":[{"start":{"line":32,"column":8},"end":{"line":32,"column":8}},{"start":{"line":32,"column":8},"end":{"line":32,"column":8}}]}}},"contracts/EbookNFT.sol":{"l":{"27":1,"35":101,"36":101,"37":101,"38":101,"39":101,"40":101,"49":52,"50":51,"51":51,"62":194,"63":193,"64":193,"65":192,"66":192,"67":187,"68":182,"76":31,"77":30,"86":34,"97":3,"98":1,"101":2,"111":85,"112":85,"113":50,"114":50,"115":40,"118":45,"133":202,"145":0,"158":10},"path":"/Users/frankmacmini/my-hardhat-project/contracts/EbookNFT.sol","s":{"1":1,"2":101,"3":101,"4":101,"5":101,"6":52,"7":51,"8":194,"9":193,"10":193,"11":187,"12":31,"13":30,"14":34,"15":3,"16":1,"17":2,"18":85,"19":85,"20":50,"21":50,"22":40,"23":45,"24":202,"25":0,"26":10},"b":{"1":[101,1],"2":[52,2],"3":[1,51],"4":[1,193],"5":[1,30],"6":[1,2],"7":[40,10],"8":[8,2]},"f":{"1":1,"2":101,"3":52,"4":194,"5":31,"6":34,"7":3,"8":85,"9":202,"10":0,"11":10,"12":8},"fnMap":{"1":{"name":"constructor","line":26,"loc":{"start":{"line":26,"column":4},"end":{"line":28,"column":4}}},"2":{"name":"initialize","line":34,"loc":{"start":{"line":34,"column":4},"end":{"line":41,"column":4}}},"3":{"name":"setMinter","line":48,"loc":{"start":{"line":48,"column":4},"end":{"line":52,"column":4}}},"4":{"name":"mintEbook","line":61,"loc":{"start":{"line":61,"column":4},"end":{"line":69,"column":4}}},"5":{"name":"tokenURI","line":75,"loc":{"start":{"line":75,"column":4},"end":{"line":78,"column":4}}},"6":{"name":"_exists","line":85,"loc":{"start":{"line":85,"column":4},"end":{"line":87,"column":4}}},"7":{"name":"hasEbookNFT","line":95,"loc":{"start":{"line":95,"column":4},"end":{"line":102,"column":4}}},"8":{"name":"hasEbookNFTByEbookId","line":110,"loc":{"start":{"line":110,"column":4},"end":{"line":119,"column":4}}},"9":{"name":"_update","line":127,"loc":{"start":{"line":127,"column":4},"end":{"line":134,"column":4}}},"10":{"name":"_increaseBalance","line":140,"loc":{"start":{"line":140,"column":4},"end":{"line":146,"column":4}}},"11":{"name":"supportsInterface","line":152,"loc":{"start":{"line":152,"column":4},"end":{"line":159,"column":4}}},"12":{"name":"_authorizeUpgrade","line":167,"loc":{"start":{"line":167,"column":4},"end":{"line":167,"column":87}}}},"statementMap":{"1":{"start":{"line":27,"column":8},"end":{"line":27,"column":29}},"2":{"start":{"line":35,"column":8},"end":{"line":35,"column":41}},"3":{"start":{"line":36,"column":8},"end":{"line":36,"column":35}},"4":{"start":{"line":37,"column":8},"end":{"line":37,"column":32}},"5":{"start":{"line":38,"column":8},"end":{"line":38,"column":31}},"6":{"start":{"line":49,"column":8},"end":{"line":49,"column":75}},"7":{"start":{"line":50,"column":8},"end":{"line":50,"column":42}},"8":{"start":{"line":62,"column":8},"end":{"line":62,"column":60}},"9":{"start":{"line":63,"column":8},"end":{"line":63,"column":38}},"10":{"start":{"line":64,"column":8},"end":{"line":64,"column":37}},"11":{"start":{"line":67,"column":8},"end":{"line":67,"column":51}},"12":{"start":{"line":76,"column":8},"end":{"line":76,"column":68}},"13":{"start":{"line":77,"column":8},"end":{"line":77,"column":35}},"14":{"start":{"line":86,"column":8},"end":{"line":86,"column":46}},"15":{"start":{"line":97,"column":8},"end":{"line":97,"column":3732}},"16":{"start":{"line":98,"column":12},"end":{"line":98,"column":24}},"17":{"start":{"line":101,"column":8},"end":{"line":101,"column":42}},"18":{"start":{"line":111,"column":8},"end":{"line":111,"column":43}},"19":{"start":{"line":112,"column":8},"end":{"line":112,"column":4183}},"20":{"start":{"line":113,"column":12},"end":{"line":113,"column":60}},"21":{"start":{"line":114,"column":12},"end":{"line":114,"column":4301}},"22":{"start":{"line":115,"column":16},"end":{"line":115,"column":27}},"23":{"start":{"line":118,"column":8},"end":{"line":118,"column":20}},"24":{"start":{"line":133,"column":8},"end":{"line":133,"column":47}},"25":{"start":{"line":145,"column":8},"end":{"line":145,"column":45}},"26":{"start":{"line":158,"column":8},"end":{"line":158,"column":51}}},"branchMap":{"1":{"line":34,"type":"if","locations":[{"start":{"line":34,"column":53},"end":{"line":34,"column":53}},{"start":{"line":34,"column":53},"end":{"line":34,"column":53}}]},"2":{"line":48,"type":"if","locations":[{"start":{"line":48,"column":50},"end":{"line":48,"column":50}},{"start":{"line":48,"column":50},"end":{"line":48,"column":50}}]},"3":{"line":49,"type":"if","locations":[{"start":{"line":49,"column":8},"end":{"line":49,"column":8}},{"start":{"line":49,"column":8},"end":{"line":49,"column":8}}]},"4":{"line":62,"type":"if","locations":[{"start":{"line":62,"column":8},"end":{"line":62,"column":8}},{"start":{"line":62,"column":8},"end":{"line":62,"column":8}}]},"5":{"line":76,"type":"if","locations":[{"start":{"line":76,"column":8},"end":{"line":76,"column":8}},{"start":{"line":76,"column":8},"end":{"line":76,"column":8}}]},"6":{"line":97,"type":"if","locations":[{"start":{"line":97,"column":8},"end":{"line":97,"column":8}},{"start":{"line":97,"column":8},"end":{"line":97,"column":8}}]},"7":{"line":114,"type":"if","locations":[{"start":{"line":114,"column":12},"end":{"line":114,"column":12}},{"start":{"line":114,"column":12},"end":{"line":114,"column":12}}]},"8":{"line":167,"type":"if","locations":[{"start":{"line":167,"column":76},"end":{"line":167,"column":76}},{"start":{"line":167,"column":76},"end":{"line":167,"column":76}}]}}},"contracts/EbookRevenueDistribution.sol":{"l":{"66":70,"67":70,"69":70,"70":70,"71":70,"72":70,"84":37,"85":37,"86":37,"95":68,"96":68,"97":68,"106":67,"107":67,"108":67,"120":147,"121":145,"124":144,"127":144,"128":144,"130":143,"131":143,"134":143,"135":143,"136":143,"139":143,"143":143,"145":142,"148":142,"149":45,"153":142,"154":120,"155":120,"159":142,"160":140,"162":142,"163":20,"165":142,"166":142,"169":142,"179":4,"180":3,"181":2,"184":1,"185":1,"186":1,"194":2,"195":2,"197":1,"199":1,"200":1,"202":1,"210":7,"211":7,"213":6,"215":6,"216":6,"218":6,"229":1,"239":2,"240":2},"path":"/Users/frankmacmini/my-hardhat-project/contracts/EbookRevenueDistribution.sol","s":{"1":70,"2":70,"3":70,"4":70,"5":37,"6":37,"7":68,"8":68,"9":67,"10":67,"11":147,"12":145,"13":144,"14":144,"15":144,"16":143,"17":143,"18":143,"19":143,"20":143,"21":143,"22":143,"23":142,"24":142,"25":142,"26":142,"27":142,"28":142,"29":142,"30":142,"31":4,"32":3,"33":2,"34":1,"35":1,"36":1,"37":2,"38":2,"39":1,"40":1,"41":1,"42":7,"43":7,"44":6,"45":6,"46":6,"47":1,"48":2,"49":2},"b":{"1":[70,0],"2":[70,0],"3":[70,0],"4":[4,0],"5":[37,0],"6":[0,37],"7":[68,1],"8":[0,68],"9":[67,0],"10":[0,67],"11":[2,145],"12":[1,144],"13":[1,143],"14":[1,142],"15":[45,97],"16":[120,22],"17":[140,2],"18":[20,122],"19":[142,0],"20":[1,3],"21":[1,2],"22":[1,1],"23":[1,1],"24":[0,1],"25":[1,6],"26":[0,6],"27":[1,0],"28":[2,0],"29":[2,0]},"f":{"1":1,"2":70,"3":4,"4":37,"5":68,"6":67,"7":147,"8":4,"9":2,"10":7,"11":1,"12":2},"fnMap":{"1":{"name":"constructor","line":63,"loc":{"start":{"line":63,"column":4},"end":{"line":63,"column":19}}},"2":{"name":"initialize","line":65,"loc":{"start":{"line":65,"column":4},"end":{"line":73,"column":4}}},"3":{"name":"_authorizeUpgrade","line":75,"loc":{"start":{"line":75,"column":4},"end":{"line":75,"column":87}}},"4":{"name":"setAuthorAddress","line":83,"loc":{"start":{"line":83,"column":4},"end":{"line":87,"column":4}}},"5":{"name":"setPlatformAddress","line":94,"loc":{"start":{"line":94,"column":4},"end":{"line":98,"column":4}}},"6":{"name":"setSalesDistributor","line":105,"loc":{"start":{"line":105,"column":4},"end":{"line":109,"column":4}}},"7":{"name":"distributeRevenue","line":118,"loc":{"start":{"line":118,"column":4},"end":{"line":170,"column":4}}},"8":{"name":"receiveUploadFee","line":178,"loc":{"start":{"line":178,"column":4},"end":{"line":187,"column":4}}},"9":{"name":"withdrawAuthorEarnings","line":193,"loc":{"start":{"line":193,"column":4},"end":{"line":203,"column":4}}},"10":{"name":"withdrawDistributorEarnings","line":209,"loc":{"start":{"line":209,"column":4},"end":{"line":219,"column":4}}},"11":{"name":"withdrawAnyERC20Token","line":228,"loc":{"start":{"line":228,"column":4},"end":{"line":230,"column":4}}},"12":{"name":"withdrawNativeToken","line":238,"loc":{"start":{"line":238,"column":4},"end":{"line":241,"column":4}}}},"statementMap":{"1":{"start":{"line":66,"column":8},"end":{"line":66,"column":35}},"2":{"start":{"line":67,"column":8},"end":{"line":67,"column":31}},"3":{"start":{"line":69,"column":8},"end":{"line":69,"column":76}},"4":{"start":{"line":71,"column":8},"end":{"line":71,"column":85}},"5":{"start":{"line":84,"column":8},"end":{"line":84,"column":79}},"6":{"start":{"line":85,"column":8},"end":{"line":85,"column":63}},"7":{"start":{"line":95,"column":8},"end":{"line":95,"column":83}},"8":{"start":{"line":96,"column":8},"end":{"line":96,"column":69}},"9":{"start":{"line":106,"column":8},"end":{"line":106,"column":89}},"10":{"start":{"line":107,"column":8},"end":{"line":107,"column":69}},"11":{"start":{"line":120,"column":8},"end":{"line":120,"column":93}},"12":{"start":{"line":121,"column":8},"end":{"line":121,"column":73}},"13":{"start":{"line":124,"column":8},"end":{"line":124,"column":98}},"14":{"start":{"line":127,"column":8},"end":{"line":127,"column":78}},"15":{"start":{"line":128,"column":8},"end":{"line":128,"column":67}},"16":{"start":{"line":130,"column":8},"end":{"line":130,"column":89}},"17":{"start":{"line":131,"column":8},"end":{"line":131,"column":93}},"18":{"start":{"line":134,"column":8},"end":{"line":134,"column":64}},"19":{"start":{"line":135,"column":8},"end":{"line":135,"column":68}},"20":{"start":{"line":136,"column":8},"end":{"line":136,"column":75}},"21":{"start":{"line":139,"column":8},"end":{"line":139,"column":84}},"22":{"start":{"line":143,"column":8},"end":{"line":143,"column":81}},"23":{"start":{"line":145,"column":8},"end":{"line":145,"column":52}},"24":{"start":{"line":148,"column":8},"end":{"line":148,"column":6623}},"25":{"start":{"line":153,"column":8},"end":{"line":153,"column":6762}},"26":{"start":{"line":159,"column":8},"end":{"line":159,"column":6934}},"27":{"start":{"line":162,"column":8},"end":{"line":162,"column":7043}},"28":{"start":{"line":165,"column":8},"end":{"line":165,"column":7159}},"29":{"start":{"line":166,"column":12},"end":{"line":166,"column":67}},"30":{"start":{"line":169,"column":8},"end":{"line":169,"column":134}},"31":{"start":{"line":179,"column":8},"end":{"line":179,"column":90}},"32":{"start":{"line":180,"column":8},"end":{"line":180,"column":73}},"33":{"start":{"line":181,"column":8},"end":{"line":181,"column":64}},"34":{"start":{"line":184,"column":8},"end":{"line":184,"column":80}},"35":{"start":{"line":185,"column":8},"end":{"line":185,"column":66}},"36":{"start":{"line":186,"column":8},"end":{"line":186,"column":71}},"37":{"start":{"line":194,"column":8},"end":{"line":194,"column":53}},"38":{"start":{"line":195,"column":8},"end":{"line":195,"column":56}},"39":{"start":{"line":199,"column":8},"end":{"line":199,"column":64}},"40":{"start":{"line":200,"column":8},"end":{"line":200,"column":45}},"41":{"start":{"line":202,"column":8},"end":{"line":202,"column":58}},"42":{"start":{"line":210,"column":8},"end":{"line":210,"column":58}},"43":{"start":{"line":211,"column":8},"end":{"line":211,"column":56}},"44":{"start":{"line":215,"column":8},"end":{"line":215,"column":64}},"45":{"start":{"line":216,"column":8},"end":{"line":216,"column":45}},"46":{"start":{"line":218,"column":8},"end":{"line":218,"column":63}},"47":{"start":{"line":229,"column":8},"end":{"line":229,"column":55}},"48":{"start":{"line":239,"column":8},"end":{"line":239,"column":55}},"49":{"start":{"line":240,"column":8},"end":{"line":240,"column":43}}},"branchMap":{"1":{"line":65,"type":"if","locations":[{"start":{"line":65,"column":113},"end":{"line":65,"column":113}},{"start":{"line":65,"column":113},"end":{"line":65,"column":113}}]},"2":{"line":69,"type":"if","locations":[{"start":{"line":69,"column":8},"end":{"line":69,"column":8}},{"start":{"line":69,"column":8},"end":{"line":69,"column":8}}]},"3":{"line":71,"type":"if","locations":[{"start":{"line":71,"column":8},"end":{"line":71,"column":8}},{"start":{"line":71,"column":8},"end":{"line":71,"column":8}}]},"4":{"line":75,"type":"if","locations":[{"start":{"line":75,"column":76},"end":{"line":75,"column":76}},{"start":{"line":75,"column":76},"end":{"line":75,"column":76}}]},"5":{"line":83,"type":"if","locations":[{"start":{"line":83,"column":64},"end":{"line":83,"column":64}},{"start":{"line":83,"column":64},"end":{"line":83,"column":64}}]},"6":{"line":84,"type":"if","locations":[{"start":{"line":84,"column":8},"end":{"line":84,"column":8}},{"start":{"line":84,"column":8},"end":{"line":84,"column":8}}]},"7":{"line":94,"type":"if","locations":[{"start":{"line":94,"column":68},"end":{"line":94,"column":68}},{"start":{"line":94,"column":68},"end":{"line":94,"column":68}}]},"8":{"line":95,"type":"if","locations":[{"start":{"line":95,"column":8},"end":{"line":95,"column":8}},{"start":{"line":95,"column":8},"end":{"line":95,"column":8}}]},"9":{"line":105,"type":"if","locations":[{"start":{"line":105,"column":67},"end":{"line":105,"column":67}},{"start":{"line":105,"column":67},"end":{"line":105,"column":67}}]},"10":{"line":106,"type":"if","locations":[{"start":{"line":106,"column":8},"end":{"line":106,"column":8}},{"start":{"line":106,"column":8},"end":{"line":106,"column":8}}]},"11":{"line":120,"type":"if","locations":[{"start":{"line":120,"column":8},"end":{"line":120,"column":8}},{"start":{"line":120,"column":8},"end":{"line":120,"column":8}}]},"12":{"line":121,"type":"if","locations":[{"start":{"line":121,"column":8},"end":{"line":121,"column":8}},{"start":{"line":121,"column":8},"end":{"line":121,"column":8}}]},"13":{"line":128,"type":"if","locations":[{"start":{"line":128,"column":8},"end":{"line":128,"column":8}},{"start":{"line":128,"column":8},"end":{"line":128,"column":8}}]},"14":{"line":143,"type":"if","locations":[{"start":{"line":143,"column":8},"end":{"line":143,"column":8}},{"start":{"line":143,"column":8},"end":{"line":143,"column":8}}]},"15":{"line":148,"type":"if","locations":[{"start":{"line":148,"column":8},"end":{"line":148,"column":8}},{"start":{"line":148,"column":8},"end":{"line":148,"column":8}}]},"16":{"line":153,"type":"if","locations":[{"start":{"line":153,"column":8},"end":{"line":153,"column":8}},{"start":{"line":153,"column":8},"end":{"line":153,"column":8}}]},"17":{"line":159,"type":"if","locations":[{"start":{"line":159,"column":8},"end":{"line":159,"column":8}},{"start":{"line":159,"column":8},"end":{"line":159,"column":8}}]},"18":{"line":162,"type":"if","locations":[{"start":{"line":162,"column":8},"end":{"line":162,"column":8}},{"start":{"line":162,"column":8},"end":{"line":162,"column":8}}]},"19":{"line":165,"type":"if","locations":[{"start":{"line":165,"column":8},"end":{"line":165,"column":8}},{"start":{"line":165,"column":8},"end":{"line":165,"column":8}}]},"20":{"line":179,"type":"if","locations":[{"start":{"line":179,"column":8},"end":{"line":179,"column":8}},{"start":{"line":179,"column":8},"end":{"line":179,"column":8}}]},"21":{"line":180,"type":"if","locations":[{"start":{"line":180,"column":8},"end":{"line":180,"column":8}},{"start":{"line":180,"column":8},"end":{"line":180,"column":8}}]},"22":{"line":181,"type":"if","locations":[{"start":{"line":181,"column":8},"end":{"line":181,"column":8}},{"start":{"line":181,"column":8},"end":{"line":181,"column":8}}]},"23":{"line":195,"type":"if","locations":[{"start":{"line":195,"column":8},"end":{"line":195,"column":8}},{"start":{"line":195,"column":8},"end":{"line":195,"column":8}}]},"24":{"line":200,"type":"if","locations":[{"start":{"line":200,"column":8},"end":{"line":200,"column":8}},{"start":{"line":200,"column":8},"end":{"line":200,"column":8}}]},"25":{"line":211,"type":"if","locations":[{"start":{"line":211,"column":8},"end":{"line":211,"column":8}},{"start":{"line":211,"column":8},"end":{"line":211,"column":8}}]},"26":{"line":216,"type":"if","locations":[{"start":{"line":216,"column":8},"end":{"line":216,"column":8}},{"start":{"line":216,"column":8},"end":{"line":216,"column":8}}]},"27":{"line":228,"type":"if","locations":[{"start":{"line":228,"column":95},"end":{"line":228,"column":95}},{"start":{"line":228,"column":95},"end":{"line":228,"column":95}}]},"28":{"line":238,"type":"if","locations":[{"start":{"line":238,"column":78},"end":{"line":238,"column":78}},{"start":{"line":238,"column":78},"end":{"line":238,"column":78}}]},"29":{"line":240,"type":"if","locations":[{"start":{"line":240,"column":8},"end":{"line":240,"column":8}},{"start":{"line":240,"column":8},"end":{"line":240,"column":8}}]}}},"contracts/EbookSalesDistributor.sol":{"l":{"105":103,"106":102,"107":101,"108":100,"109":99,"111":98,"112":98,"113":98,"114":98,"115":98,"116":98,"122":3,"123":2,"124":1,"125":1,"129":3,"130":2,"131":1,"132":1,"156":115,"157":115,"159":113,"160":112,"161":111,"162":111,"165":110,"166":110,"168":109,"171":107,"173":107,"174":107,"177":107,"178":107,"179":107,"180":107,"183":107,"186":107,"191":107,"200":17,"201":17,"204":17,"207":13,"208":13,"212":2,"216":2,"220":140,"224":137,"233":2,"241":0,"257":2,"258":2,"259":2,"260":2,"261":2,"263":2,"264":3,"265":3,"266":3,"267":3,"277":0,"284":167,"285":167,"287":167,"289":167,"292":164,"294":164,"295":44,"297":11,"298":5,"300":6,"303":33,"304":24,"306":9,"310":135,"311":135,"313":135,"314":134,"315":134,"317":114,"321":7,"325":10,"326":10,"335":136},"path":"/Users/frankmacmini/my-hardhat-project/contracts/EbookSalesDistributor.sol","s":{"1":103,"2":102,"3":101,"4":100,"5":99,"6":3,"7":2,"8":1,"9":1,"10":3,"11":2,"12":1,"13":1,"14":115,"15":115,"16":113,"17":112,"18":111,"19":111,"20":110,"21":110,"22":109,"23":107,"24":107,"25":17,"26":17,"27":17,"28":13,"29":2,"30":2,"31":140,"32":137,"33":2,"34":0,"35":2,"36":2,"37":0,"38":167,"39":167,"40":167,"41":167,"42":164,"43":164,"44":44,"45":11,"46":33,"47":135,"48":135,"49":135,"50":134,"51":134,"52":114,"53":7,"54":10,"55":10,"56":136},"b":{"1":[1,102],"2":[1,101],"3":[1,100],"4":[1,99],"5":[1,98],"6":[3,1],"7":[1,2],"8":[1,1],"9":[3,1],"10":[1,2],"11":[1,1],"12":[2,113],"13":[1,112],"14":[1,111],"15":[0,111],"16":[1,110],"17":[1,109],"18":[4,13],"19":[0,167],"20":[0,167],"21":[3,164],"22":[3,0],"23":[44,120],"24":[11,33],"25":[5,6],"26":[3,2],"27":[24,9],"28":[7,1],"29":[10,1],"30":[8,2]},"f":{"1":103,"2":3,"3":3,"4":115,"5":17,"6":2,"7":2,"8":140,"9":137,"10":2,"11":0,"12":2,"13":0,"14":167,"15":7,"16":10,"17":136},"fnMap":{"1":{"name":"constructor","line":104,"loc":{"start":{"line":97,"column":4},"end":{"line":117,"column":4}}},"2":{"name":"setEbookNFTContract","line":121,"loc":{"start":{"line":121,"column":4},"end":{"line":126,"column":4}}},"3":{"name":"setRevenueDistributionContract","line":128,"loc":{"start":{"line":128,"column":4},"end":{"line":133,"column":4}}},"4":{"name":"defineEbookForSale","line":147,"loc":{"start":{"line":147,"column":4},"end":{"line":192,"column":4}}},"5":{"name":"setExclusiveReferralLink","line":198,"loc":{"start":{"line":198,"column":4},"end":{"line":209,"column":4}}},"6":{"name":"getEbookPrice","line":211,"loc":{"start":{"line":211,"column":4},"end":{"line":213,"column":4}}},"7":{"name":"getEbookURI","line":215,"loc":{"start":{"line":215,"column":4},"end":{"line":217,"column":4}}},"8":{"name":"getEbookAuthorShareBPS","line":219,"loc":{"start":{"line":219,"column":4},"end":{"line":221,"column":4}}},"9":{"name":"getEbookReferrerShareBPS","line":223,"loc":{"start":{"line":223,"column":4},"end":{"line":225,"column":4}}},"10":{"name":"getEbookCreator","line":232,"loc":{"start":{"line":232,"column":4},"end":{"line":234,"column":4}}},"11":{"name":"getNextEbookId","line":240,"loc":{"start":{"line":240,"column":4},"end":{"line":242,"column":4}}},"12":{"name":"getAllAvailableEbooks","line":251,"loc":{"start":{"line":251,"column":4},"end":{"line":269,"column":4}}},"13":{"name":"isEbookAvailableForPurchase","line":276,"loc":{"start":{"line":276,"column":4},"end":{"line":281,"column":4}}},"14":{"name":"purchaseEbook","line":283,"loc":{"start":{"line":283,"column":4},"end":{"line":318,"column":4}}},"15":{"name":"withdrawAnyERC20Token","line":320,"loc":{"start":{"line":320,"column":4},"end":{"line":322,"column":4}}},"16":{"name":"withdrawNativeToken","line":324,"loc":{"start":{"line":324,"column":4},"end":{"line":327,"column":4}}},"17":{"name":"getEbookAuthor","line":334,"loc":{"start":{"line":334,"column":4},"end":{"line":336,"column":4}}}},"statementMap":{"1":{"start":{"line":105,"column":8},"end":{"line":105,"column":76}},"2":{"start":{"line":106,"column":8},"end":{"line":106,"column":84}},"3":{"start":{"line":107,"column":8},"end":{"line":107,"column":88}},"4":{"start":{"line":108,"column":8},"end":{"line":108,"column":110}},"5":{"start":{"line":109,"column":8},"end":{"line":109,"column":63}},"6":{"start":{"line":122,"column":8},"end":{"line":122,"column":81}},"7":{"start":{"line":123,"column":8},"end":{"line":123,"column":66}},"8":{"start":{"line":123,"column":60},"end":{"line":123,"column":66}},"9":{"start":{"line":125,"column":8},"end":{"line":125,"column":51}},"10":{"start":{"line":129,"column":8},"end":{"line":129,"column":103}},"11":{"start":{"line":130,"column":8},"end":{"line":130,"column":88}},"12":{"start":{"line":130,"column":82},"end":{"line":130,"column":88}},"13":{"start":{"line":132,"column":8},"end":{"line":132,"column":73}},"14":{"start":{"line":156,"column":8},"end":{"line":156,"column":69}},"15":{"start":{"line":157,"column":8},"end":{"line":157,"column":69}},"16":{"start":{"line":159,"column":8},"end":{"line":159,"column":65}},"17":{"start":{"line":160,"column":8},"end":{"line":160,"column":64}},"18":{"start":{"line":161,"column":8},"end":{"line":161,"column":106}},"19":{"start":{"line":162,"column":8},"end":{"line":162,"column":67}},"20":{"start":{"line":165,"column":8},"end":{"line":165,"column":79}},"21":{"start":{"line":166,"column":8},"end":{"line":166,"column":73}},"22":{"start":{"line":168,"column":8},"end":{"line":168,"column":79}},"23":{"start":{"line":171,"column":8},"end":{"line":171,"column":79}},"24":{"start":{"line":191,"column":8},"end":{"line":191,"column":116}},"25":{"start":{"line":200,"column":8},"end":{"line":200,"column":62}},"26":{"start":{"line":201,"column":8},"end":{"line":201,"column":8551}},"27":{"start":{"line":204,"column":8},"end":{"line":204,"column":64}},"28":{"start":{"line":208,"column":8},"end":{"line":208,"column":65}},"29":{"start":{"line":212,"column":8},"end":{"line":212,"column":36}},"30":{"start":{"line":216,"column":8},"end":{"line":216,"column":46}},"31":{"start":{"line":220,"column":8},"end":{"line":220,"column":44}},"32":{"start":{"line":224,"column":8},"end":{"line":224,"column":46}},"33":{"start":{"line":233,"column":8},"end":{"line":233,"column":38}},"34":{"start":{"line":241,"column":8},"end":{"line":241,"column":34}},"35":{"start":{"line":257,"column":8},"end":{"line":257,"column":53}},"36":{"start":{"line":263,"column":8},"end":{"line":263,"column":10385}},"37":{"start":{"line":277,"column":8},"end":{"line":277,"column":10857}},"38":{"start":{"line":284,"column":8},"end":{"line":284,"column":84}},"39":{"start":{"line":285,"column":8},"end":{"line":285,"column":106}},"40":{"start":{"line":287,"column":8},"end":{"line":287,"column":57}},"41":{"start":{"line":289,"column":8},"end":{"line":289,"column":127}},"42":{"start":{"line":292,"column":8},"end":{"line":292,"column":43}},"43":{"start":{"line":294,"column":8},"end":{"line":294,"column":11672}},"44":{"start":{"line":295,"column":12},"end":{"line":295,"column":11719}},"45":{"start":{"line":297,"column":16},"end":{"line":297,"column":11815}},"46":{"start":{"line":303,"column":16},"end":{"line":303,"column":12123}},"47":{"start":{"line":310,"column":8},"end":{"line":310,"column":80}},"48":{"start":{"line":311,"column":8},"end":{"line":311,"column":87}},"49":{"start":{"line":313,"column":8},"end":{"line":313,"column":97}},"50":{"start":{"line":314,"column":8},"end":{"line":314,"column":65}},"51":{"start":{"line":315,"column":8},"end":{"line":315,"column":66}},"52":{"start":{"line":317,"column":8},"end":{"line":317,"column":79}},"53":{"start":{"line":321,"column":8},"end":{"line":321,"column":55}},"54":{"start":{"line":325,"column":8},"end":{"line":325,"column":55}},"55":{"start":{"line":326,"column":8},"end":{"line":326,"column":43}},"56":{"start":{"line":335,"column":8},"end":{"line":335,"column":37}}},"branchMap":{"1":{"line":105,"type":"if","locations":[{"start":{"line":105,"column":8},"end":{"line":105,"column":8}},{"start":{"line":105,"column":8},"end":{"line":105,"column":8}}]},"2":{"line":106,"type":"if","locations":[{"start":{"line":106,"column":8},"end":{"line":106,"column":8}},{"start":{"line":106,"column":8},"end":{"line":106,"column":8}}]},"3":{"line":107,"type":"if","locations":[{"start":{"line":107,"column":8},"end":{"line":107,"column":8}},{"start":{"line":107,"column":8},"end":{"line":107,"column":8}}]},"4":{"line":108,"type":"if","locations":[{"start":{"line":108,"column":8},"end":{"line":108,"column":8}},{"start":{"line":108,"column":8},"end":{"line":108,"column":8}}]},"5":{"line":109,"type":"if","locations":[{"start":{"line":109,"column":8},"end":{"line":109,"column":8}},{"start":{"line":109,"column":8},"end":{"line":109,"column":8}}]},"6":{"line":121,"type":"if","locations":[{"start":{"line":121,"column":67},"end":{"line":121,"column":67}},{"start":{"line":121,"column":67},"end":{"line":121,"column":67}}]},"7":{"line":122,"type":"if","locations":[{"start":{"line":122,"column":8},"end":{"line":122,"column":8}},{"start":{"line":122,"column":8},"end":{"line":122,"column":8}}]},"8":{"line":123,"type":"if","locations":[{"start":{"line":123,"column":8},"end":{"line":123,"column":8}},{"start":{"line":123,"column":8},"end":{"line":123,"column":8}}]},"9":{"line":128,"type":"if","locations":[{"start":{"line":128,"column":89},"end":{"line":128,"column":89}},{"start":{"line":128,"column":89},"end":{"line":128,"column":89}}]},"10":{"line":129,"type":"if","locations":[{"start":{"line":129,"column":8},"end":{"line":129,"column":8}},{"start":{"line":129,"column":8},"end":{"line":129,"column":8}}]},"11":{"line":130,"type":"if","locations":[{"start":{"line":130,"column":8},"end":{"line":130,"column":8}},{"start":{"line":130,"column":8},"end":{"line":130,"column":8}}]},"12":{"line":157,"type":"if","locations":[{"start":{"line":157,"column":8},"end":{"line":157,"column":8}},{"start":{"line":157,"column":8},"end":{"line":157,"column":8}}]},"13":{"line":159,"type":"if","locations":[{"start":{"line":159,"column":8},"end":{"line":159,"column":8}},{"start":{"line":159,"column":8},"end":{"line":159,"column":8}}]},"14":{"line":160,"type":"if","locations":[{"start":{"line":160,"column":8},"end":{"line":160,"column":8}},{"start":{"line":160,"column":8},"end":{"line":160,"column":8}}]},"15":{"line":161,"type":"if","locations":[{"start":{"line":161,"column":8},"end":{"line":161,"column":8}},{"start":{"line":161,"column":8},"end":{"line":161,"column":8}}]},"16":{"line":162,"type":"if","locations":[{"start":{"line":162,"column":8},"end":{"line":162,"column":8}},{"start":{"line":162,"column":8},"end":{"line":162,"column":8}}]},"17":{"line":166,"type":"if","locations":[{"start":{"line":166,"column":8},"end":{"line":166,"column":8}},{"start":{"line":166,"column":8},"end":{"line":166,"column":8}}]},"18":{"line":204,"type":"if","locations":[{"start":{"line":204,"column":8},"end":{"line":204,"column":8}},{"start":{"line":204,"column":8},"end":{"line":204,"column":8}}]},"19":{"line":284,"type":"if","locations":[{"start":{"line":284,"column":8},"end":{"line":284,"column":8}},{"start":{"line":284,"column":8},"end":{"line":284,"column":8}}]},"20":{"line":285,"type":"if","locations":[{"start":{"line":285,"column":8},"end":{"line":285,"column":8}},{"start":{"line":285,"column":8},"end":{"line":285,"column":8}}]},"21":{"line":289,"type":"if","locations":[{"start":{"line":289,"column":8},"end":{"line":289,"column":8}},{"start":{"line":289,"column":8},"end":{"line":289,"column":8}}]},"22":{"line":289,"type":"cond-expr","locations":[{"start":{"line":289,"column":12},"end":{"line":289,"column":33}},{"start":{"line":289,"column":38},"end":{"line":289,"column":87}}]},"23":{"line":294,"type":"if","locations":[{"start":{"line":294,"column":8},"end":{"line":294,"column":8}},{"start":{"line":294,"column":8},"end":{"line":294,"column":8}}]},"24":{"line":295,"type":"if","locations":[{"start":{"line":295,"column":12},"end":{"line":295,"column":12}},{"start":{"line":295,"column":12},"end":{"line":295,"column":12}}]},"25":{"line":297,"type":"if","locations":[{"start":{"line":297,"column":16},"end":{"line":297,"column":16}},{"start":{"line":297,"column":16},"end":{"line":297,"column":16}}]},"26":{"line":297,"type":"cond-expr","locations":[{"start":{"line":297,"column":20},"end":{"line":297,"column":60}},{"start":{"line":297,"column":65},"end":{"line":297,"column":123}}]},"27":{"line":303,"type":"if","locations":[{"start":{"line":303,"column":16},"end":{"line":303,"column":16}},{"start":{"line":303,"column":16},"end":{"line":303,"column":16}}]},"28":{"line":320,"type":"if","locations":[{"start":{"line":320,"column":95},"end":{"line":320,"column":95}},{"start":{"line":320,"column":95},"end":{"line":320,"column":95}}]},"29":{"line":324,"type":"if","locations":[{"start":{"line":324,"column":78},"end":{"line":324,"column":78}},{"start":{"line":324,"column":78},"end":{"line":324,"column":78}}]},"30":{"line":326,"type":"if","locations":[{"start":{"line":326,"column":8},"end":{"line":326,"column":8}},{"start":{"line":326,"column":8},"end":{"line":326,"column":8}}]}}},"contracts/MockEbookNFT.sol":{"l":{"16":10,"20":23,"24":0,"28":10,"32":4,"33":4,"34":0,"39":4},"path":"/Users/frankmacmini/my-hardhat-project/contracts/MockEbookNFT.sol","s":{"1":0,"2":10,"3":4,"4":0,"5":4},"b":{"1":[0,4]},"f":{"1":10,"2":23,"3":0,"4":10,"5":4,"6":4},"fnMap":{"1":{"name":"setHasEbookNFT","line":15,"loc":{"start":{"line":15,"column":4},"end":{"line":17,"column":4}}},"2":{"name":"setMintEbookSuccess","line":19,"loc":{"start":{"line":19,"column":4},"end":{"line":21,"column":4}}},"3":{"name":"hasEbookNFT","line":23,"loc":{"start":{"line":23,"column":4},"end":{"line":25,"column":4}}},"4":{"name":"hasEbookNFTByEbookId","line":27,"loc":{"start":{"line":27,"column":4},"end":{"line":29,"column":4}}},"5":{"name":"mintEbook","line":31,"loc":{"start":{"line":31,"column":4},"end":{"line":36,"column":4}}},"6":{"name":"mintEbookCalledWith","line":38,"loc":{"start":{"line":38,"column":4},"end":{"line":40,"column":4}}}},"statementMap":{"1":{"start":{"line":24,"column":8},"end":{"line":24,"column":39}},"2":{"start":{"line":28,"column":8},"end":{"line":28,"column":39}},"3":{"start":{"line":33,"column":8},"end":{"line":33,"column":974}},"4":{"start":{"line":34,"column":12},"end":{"line":34,"column":46}},"5":{"start":{"line":39,"column":8},"end":{"line":39,"column":52}}},"branchMap":{"1":{"line":33,"type":"if","locations":[{"start":{"line":33,"column":8},"end":{"line":33,"column":8}},{"start":{"line":33,"column":8},"end":{"line":33,"column":8}}]}}},"contracts/MockEbookRevenueDistribution.sol":{"l":{"20":22,"24":9,"28":0,"29":0,"34":4,"35":4,"39":3},"path":"/Users/frankmacmini/my-hardhat-project/contracts/MockEbookRevenueDistribution.sol","s":{"1":0,"2":0,"3":4,"4":3},"b":{"1":[0,0]},"f":{"1":22,"2":9,"3":0,"4":4,"5":3},"fnMap":{"1":{"name":"setReceiveUploadFeeSuccess","line":19,"loc":{"start":{"line":19,"column":4},"end":{"line":21,"column":4}}},"2":{"name":"setDistributeRevenueSuccess","line":23,"loc":{"start":{"line":23,"column":4},"end":{"line":25,"column":4}}},"3":{"name":"receiveUploadFee","line":27,"loc":{"start":{"line":27,"column":4},"end":{"line":31,"column":4}}},"4":{"name":"distributeRevenue","line":33,"loc":{"start":{"line":33,"column":4},"end":{"line":36,"column":4}}},"5":{"name":"distributeRevenueCalledWith","line":38,"loc":{"start":{"line":38,"column":4},"end":{"line":40,"column":4}}}},"statementMap":{"1":{"start":{"line":28,"column":8},"end":{"line":28,"column":853}},"2":{"start":{"line":29,"column":12},"end":{"line":29,"column":74}},"3":{"start":{"line":35,"column":8},"end":{"line":35,"column":40}},"4":{"start":{"line":39,"column":8},"end":{"line":39,"column":102}}},"branchMap":{"1":{"line":28,"type":"if","locations":[{"start":{"line":28,"column":8},"end":{"line":28,"column":8}},{"start":{"line":28,"column":8},"end":{"line":28,"column":8}}]}}},"contracts/MockERC20.sol":{"l":{"15":235,"16":235,"17":235,"21":1,"25":1,"29":1,"33":1,"37":167,"41":308,"42":305,"46":17,"50":174,"51":174,"55":246,"56":246,"57":244,"58":244,"60":244,"61":244,"65":552,"66":552,"67":551,"69":549,"70":549,"71":549,"75":418,"76":418,"78":418,"79":418,"83":448,"84":447},"path":"/Users/frankmacmini/my-hardhat-project/contracts/MockERC20.sol","s":{"1":1,"2":1,"3":1,"4":1,"5":167,"6":308,"7":305,"8":17,"9":174,"10":174,"11":246,"12":246,"13":244,"14":244,"15":244,"16":552,"17":552,"18":551,"19":549,"20":418,"21":418,"22":418,"23":447},"b":{"1":[244,2],"2":[552,0],"3":[551,1],"4":[549,2],"5":[418,0],"6":[418,0]},"f":{"1":235,"2":1,"3":1,"4":1,"5":1,"6":167,"7":308,"8":17,"9":174,"10":246,"11":552,"12":418,"13":448},"fnMap":{"1":{"name":"constructor","line":14,"loc":{"start":{"line":14,"column":4},"end":{"line":18,"column":4}}},"2":{"name":"name","line":20,"loc":{"start":{"line":20,"column":4},"end":{"line":22,"column":4}}},"3":{"name":"symbol","line":24,"loc":{"start":{"line":24,"column":4},"end":{"line":26,"column":4}}},"4":{"name":"decimals","line":28,"loc":{"start":{"line":28,"column":4},"end":{"line":30,"column":4}}},"5":{"name":"totalSupply","line":32,"loc":{"start":{"line":32,"column":4},"end":{"line":34,"column":4}}},"6":{"name":"balanceOf","line":36,"loc":{"start":{"line":36,"column":4},"end":{"line":38,"column":4}}},"7":{"name":"transfer","line":40,"loc":{"start":{"line":40,"column":4},"end":{"line":43,"column":4}}},"8":{"name":"allowance","line":45,"loc":{"start":{"line":45,"column":4},"end":{"line":47,"column":4}}},"9":{"name":"approve","line":49,"loc":{"start":{"line":49,"column":4},"end":{"line":52,"column":4}}},"10":{"name":"transferFrom","line":54,"loc":{"start":{"line":54,"column":4},"end":{"line":62,"column":4}}},"11":{"name":"_transfer","line":64,"loc":{"start":{"line":64,"column":4},"end":{"line":72,"column":4}}},"12":{"name":"_approve","line":74,"loc":{"start":{"line":74,"column":4},"end":{"line":80,"column":4}}},"13":{"name":"mint","line":82,"loc":{"start":{"line":82,"column":4},"end":{"line":85,"column":4}}}},"statementMap":{"1":{"start":{"line":21,"column":8},"end":{"line":21,"column":20}},"2":{"start":{"line":25,"column":8},"end":{"line":25,"column":22}},"3":{"start":{"line":29,"column":8},"end":{"line":29,"column":24}},"4":{"start":{"line":33,"column":8},"end":{"line":33,"column":32}},"5":{"start":{"line":37,"column":8},"end":{"line":37,"column":33}},"6":{"start":{"line":41,"column":8},"end":{"line":41,"column":40}},"7":{"start":{"line":42,"column":8},"end":{"line":42,"column":19}},"8":{"start":{"line":46,"column":8},"end":{"line":46,"column":42}},"9":{"start":{"line":50,"column":8},"end":{"line":50,"column":44}},"10":{"start":{"line":51,"column":8},"end":{"line":51,"column":19}},"11":{"start":{"line":55,"column":8},"end":{"line":55,"column":64}},"12":{"start":{"line":56,"column":8},"end":{"line":56,"column":86}},"13":{"start":{"line":58,"column":12},"end":{"line":58,"column":64}},"14":{"start":{"line":60,"column":8},"end":{"line":60,"column":34}},"15":{"start":{"line":61,"column":8},"end":{"line":61,"column":19}},"16":{"start":{"line":65,"column":8},"end":{"line":65,"column":75}},"17":{"start":{"line":66,"column":8},"end":{"line":66,"column":71}},"18":{"start":{"line":67,"column":8},"end":{"line":67,"column":83}},"19":{"start":{"line":71,"column":8},"end":{"line":71,"column":39}},"20":{"start":{"line":75,"column":8},"end":{"line":75,"column":75}},"21":{"start":{"line":76,"column":8},"end":{"line":76,"column":75}},"22":{"start":{"line":79,"column":8},"end":{"line":79,"column":45}},"23":{"start":{"line":84,"column":8},"end":{"line":84,"column":45}}},"branchMap":{"1":{"line":56,"type":"if","locations":[{"start":{"line":56,"column":8},"end":{"line":56,"column":8}},{"start":{"line":56,"column":8},"end":{"line":56,"column":8}}]},"2":{"line":65,"type":"if","locations":[{"start":{"line":65,"column":8},"end":{"line":65,"column":8}},{"start":{"line":65,"column":8},"end":{"line":65,"column":8}}]},"3":{"line":66,"type":"if","locations":[{"start":{"line":66,"column":8},"end":{"line":66,"column":8}},{"start":{"line":66,"column":8},"end":{"line":66,"column":8}}]},"4":{"line":67,"type":"if","locations":[{"start":{"line":67,"column":8},"end":{"line":67,"column":8}},{"start":{"line":67,"column":8},"end":{"line":67,"column":8}}]},"5":{"line":75,"type":"if","locations":[{"start":{"line":75,"column":8},"end":{"line":75,"column":8}},{"start":{"line":75,"column":8},"end":{"line":75,"column":8}}]},"6":{"line":76,"type":"if","locations":[{"start":{"line":76,"column":8},"end":{"line":76,"column":8}},{"start":{"line":76,"column":8},"end":{"line":76,"column":8}}]}}},"contracts/MockSalesDistributor.sol":{"l":{"51":27,"60":27,"69":12,"78":12,"87":13,"96":24,"110":14,"111":14,"114":14,"115":14,"119":14},"path":"/Users/frankmacmini/my-hardhat-project/contracts/MockSalesDistributor.sol","s":{"1":12,"2":12,"3":13,"4":14,"5":14,"6":14,"7":14,"8":14},"b":{"1":[14,0]},"f":{"1":27,"2":27,"3":12,"4":12,"5":13,"6":24,"7":14},"fnMap":{"1":{"name":"setEbookAuthorShareBPS","line":50,"loc":{"start":{"line":50,"column":4},"end":{"line":52,"column":4}}},"2":{"name":"setEbookReferrerShareBPS","line":59,"loc":{"start":{"line":59,"column":4},"end":{"line":61,"column":4}}},"3":{"name":"getEbookAuthorShareBPS","line":68,"loc":{"start":{"line":68,"column":4},"end":{"line":70,"column":4}}},"4":{"name":"getEbookReferrerShareBPS","line":77,"loc":{"start":{"line":77,"column":4},"end":{"line":79,"column":4}}},"5":{"name":"getEbookAuthor","line":86,"loc":{"start":{"line":86,"column":4},"end":{"line":88,"column":4}}},"6":{"name":"defineEbookForSale","line":95,"loc":{"start":{"line":95,"column":4},"end":{"line":97,"column":4}}},"7":{"name":"callDistributeRevenue","line":107,"loc":{"start":{"line":107,"column":4},"end":{"line":120,"column":4}}}},"statementMap":{"1":{"start":{"line":69,"column":8},"end":{"line":69,"column":44}},"2":{"start":{"line":78,"column":8},"end":{"line":78,"column":46}},"3":{"start":{"line":87,"column":8},"end":{"line":87,"column":37}},"4":{"start":{"line":110,"column":8},"end":{"line":110,"column":115}},"5":{"start":{"line":111,"column":8},"end":{"line":111,"column":64}},"6":{"start":{"line":114,"column":8},"end":{"line":114,"column":4371}},"7":{"start":{"line":115,"column":12},"end":{"line":115,"column":76}},"8":{"start":{"line":119,"column":8},"end":{"line":119,"column":70}}},"branchMap":{"1":{"line":114,"type":"if","locations":[{"start":{"line":114,"column":8},"end":{"line":114,"column":8}},{"start":{"line":114,"column":8},"end":{"line":114,"column":8}}]}}}}