TN:
SF:/Users/frankmacmini/my-hardhat-project/contracts/AttackReentrancy.sol
FN:15,constructor
FN:23,attack
FNF:2
FNH:2
FNDA:24,constructor
FNDA:21,attack
DA:16,24
DA:17,24
DA:18,24
DA:19,24
DA:25,21
DA:27,21
DA:32,4
LF:7
LH:7
BRDA:32,1,0,4
BRDA:32,1,1,0
BRF:2
BRH:1
end_of_record
TN:
SF:/Users/frankmacmini/my-hardhat-project/contracts/EbookNFT.sol
FN:26,constructor
FN:34,initialize
FN:48,setMinter
FN:61,mintEbook
FN:75,tokenURI
FN:85,_exists
FN:95,hasEbookNFT
FN:110,hasEbookNFTByEbookId
FN:127,_update
FN:140,_increaseBalance
FN:152,supportsInterface
FN:167,_authorizeUpgrade
FNF:12
FNH:11
FNDA:1,constructor
FNDA:101,initialize
FNDA:52,setMinter
FNDA:194,mintEbook
FNDA:31,tokenURI
FNDA:34,_exists
FNDA:3,hasEbookNFT
FNDA:85,hasEbookNFTByEbookId
FNDA:202,_update
FNDA:0,_increaseBalance
FNDA:10,supportsInterface
FNDA:8,_authorizeUpgrade
DA:27,1
DA:35,101
DA:36,101
DA:37,101
DA:38,101
DA:39,101
DA:40,101
DA:49,52
DA:50,51
DA:51,51
DA:62,194
DA:63,193
DA:64,193
DA:65,192
DA:66,192
DA:67,187
DA:68,182
DA:76,31
DA:77,30
DA:86,34
DA:97,3
DA:98,1
DA:101,2
DA:111,85
DA:112,85
DA:113,50
DA:114,50
DA:115,40
DA:118,45
DA:133,202
DA:145,0
DA:158,10
LF:32
LH:31
BRDA:34,1,0,101
BRDA:34,1,1,1
BRDA:48,2,0,52
BRDA:48,2,1,2
BRDA:49,3,0,1
BRDA:49,3,1,51
BRDA:62,4,0,1
BRDA:62,4,1,193
BRDA:76,5,0,1
BRDA:76,5,1,30
BRDA:97,6,0,1
BRDA:97,6,1,2
BRDA:114,7,0,40
BRDA:114,7,1,10
BRDA:167,8,0,8
BRDA:167,8,1,2
BRF:16
BRH:16
end_of_record
TN:
SF:/Users/frankmacmini/my-hardhat-project/contracts/EbookRevenueDistribution.sol
FN:63,constructor
FN:65,initialize
FN:75,_authorizeUpgrade
FN:83,setAuthorAddress
FN:94,setPlatformAddress
FN:105,setSalesDistributor
FN:118,distributeRevenue
FN:178,receiveUploadFee
FN:193,withdrawAuthorEarnings
FN:209,withdrawDistributorEarnings
FN:228,withdrawAnyERC20Token
FN:238,withdrawNativeToken
FNF:12
FNH:12
FNDA:1,constructor
FNDA:70,initialize
FNDA:4,_authorizeUpgrade
FNDA:37,setAuthorAddress
FNDA:68,setPlatformAddress
FNDA:67,setSalesDistributor
FNDA:147,distributeRevenue
FNDA:4,receiveUploadFee
FNDA:2,withdrawAuthorEarnings
FNDA:7,withdrawDistributorEarnings
FNDA:1,withdrawAnyERC20Token
FNDA:2,withdrawNativeToken
DA:66,70
DA:67,70
DA:69,70
DA:70,70
DA:71,70
DA:72,70
DA:84,37
DA:85,37
DA:86,37
DA:95,68
DA:96,68
DA:97,68
DA:106,67
DA:107,67
DA:108,67
DA:120,147
DA:121,145
DA:124,144
DA:127,144
DA:128,144
DA:130,143
DA:131,143
DA:134,143
DA:135,143
DA:136,143
DA:139,143
DA:143,143
DA:145,142
DA:148,142
DA:149,45
DA:153,142
DA:154,120
DA:155,120
DA:159,142
DA:160,140
DA:162,142
DA:163,20
DA:165,142
DA:166,142
DA:169,142
DA:179,4
DA:180,3
DA:181,2
DA:184,1
DA:185,1
DA:186,1
DA:194,2
DA:195,2
DA:197,1
DA:199,1
DA:200,1
DA:202,1
DA:210,7
DA:211,7
DA:213,6
DA:215,6
DA:216,6
DA:218,6
DA:229,1
DA:239,2
DA:240,2
LF:61
LH:61
BRDA:65,1,0,70
BRDA:65,1,1,0
BRDA:69,2,0,70
BRDA:69,2,1,0
BRDA:71,3,0,70
BRDA:71,3,1,0
BRDA:75,4,0,4
BRDA:75,4,1,0
BRDA:83,5,0,37
BRDA:83,5,1,0
BRDA:84,6,0,0
BRDA:84,6,1,37
BRDA:94,7,0,68
BRDA:94,7,1,1
BRDA:95,8,0,0
BRDA:95,8,1,68
BRDA:105,9,0,67
BRDA:105,9,1,0
BRDA:106,10,0,0
BRDA:106,10,1,67
BRDA:120,11,0,2
BRDA:120,11,1,145
BRDA:121,12,0,1
BRDA:121,12,1,144
BRDA:128,13,0,1
BRDA:128,13,1,143
BRDA:143,14,0,1
BRDA:143,14,1,142
BRDA:148,15,0,45
BRDA:148,15,1,97
BRDA:153,16,0,120
BRDA:153,16,1,22
BRDA:159,17,0,140
BRDA:159,17,1,2
BRDA:162,18,0,20
BRDA:162,18,1,122
BRDA:165,19,0,142
BRDA:165,19,1,0
BRDA:179,20,0,1
BRDA:179,20,1,3
BRDA:180,21,0,1
BRDA:180,21,1,2
BRDA:181,22,0,1
BRDA:181,22,1,1
BRDA:195,23,0,1
BRDA:195,23,1,1
BRDA:200,24,0,0
BRDA:200,24,1,1
BRDA:211,25,0,1
BRDA:211,25,1,6
BRDA:216,26,0,0
BRDA:216,26,1,6
BRDA:228,27,0,1
BRDA:228,27,1,0
BRDA:238,28,0,2
BRDA:238,28,1,0
BRDA:240,29,0,2
BRDA:240,29,1,0
BRF:58
BRH:43
end_of_record
TN:
SF:/Users/frankmacmini/my-hardhat-project/contracts/EbookSalesDistributor.sol
FN:104,constructor
FN:121,setEbookNFTContract
FN:128,setRevenueDistributionContract
FN:147,defineEbookForSale
FN:198,setExclusiveReferralLink
FN:211,getEbookPrice
FN:215,getEbookURI
FN:219,getEbookAuthorShareBPS
FN:223,getEbookReferrerShareBPS
FN:232,getEbookCreator
FN:240,getNextEbookId
FN:251,getAllAvailableEbooks
FN:276,isEbookAvailableForPurchase
FN:283,purchaseEbook
FN:320,withdrawAnyERC20Token
FN:324,withdrawNativeToken
FN:334,getEbookAuthor
FNF:17
FNH:15
FNDA:103,constructor
FNDA:3,setEbookNFTContract
FNDA:3,setRevenueDistributionContract
FNDA:115,defineEbookForSale
FNDA:17,setExclusiveReferralLink
FNDA:2,getEbookPrice
FNDA:2,getEbookURI
FNDA:140,getEbookAuthorShareBPS
FNDA:137,getEbookReferrerShareBPS
FNDA:2,getEbookCreator
FNDA:0,getNextEbookId
FNDA:2,getAllAvailableEbooks
FNDA:0,isEbookAvailableForPurchase
FNDA:167,purchaseEbook
FNDA:7,withdrawAnyERC20Token
FNDA:10,withdrawNativeToken
FNDA:136,getEbookAuthor
DA:105,103
DA:106,102
DA:107,101
DA:108,100
DA:109,99
DA:111,98
DA:112,98
DA:113,98
DA:114,98
DA:115,98
DA:116,98
DA:122,3
DA:123,2
DA:124,1
DA:125,1
DA:129,3
DA:130,2
DA:131,1
DA:132,1
DA:156,115
DA:157,115
DA:159,113
DA:160,112
DA:161,111
DA:162,111
DA:165,110
DA:166,110
DA:168,109
DA:171,107
DA:173,107
DA:174,107
DA:177,107
DA:178,107
DA:179,107
DA:180,107
DA:183,107
DA:186,107
DA:191,107
DA:200,17
DA:201,17
DA:204,17
DA:207,13
DA:208,13
DA:212,2
DA:216,2
DA:220,140
DA:224,137
DA:233,2
DA:241,0
DA:257,2
DA:258,2
DA:259,2
DA:260,2
DA:261,2
DA:263,2
DA:264,3
DA:265,3
DA:266,3
DA:267,3
DA:277,0
DA:284,167
DA:285,167
DA:287,167
DA:289,167
DA:292,164
DA:294,164
DA:295,44
DA:297,11
DA:298,5
DA:300,6
DA:303,33
DA:304,24
DA:306,9
DA:310,135
DA:311,135
DA:313,135
DA:314,134
DA:315,134
DA:317,114
DA:321,7
DA:325,10
DA:326,10
DA:335,136
LF:83
LH:81
BRDA:105,1,0,1
BRDA:105,1,1,102
BRDA:106,2,0,1
BRDA:106,2,1,101
BRDA:107,3,0,1
BRDA:107,3,1,100
BRDA:108,4,0,1
BRDA:108,4,1,99
BRDA:109,5,0,1
BRDA:109,5,1,98
BRDA:121,6,0,3
BRDA:121,6,1,1
BRDA:122,7,0,1
BRDA:122,7,1,2
BRDA:123,8,0,1
BRDA:123,8,1,1
BRDA:128,9,0,3
BRDA:128,9,1,1
BRDA:129,10,0,1
BRDA:129,10,1,2
BRDA:130,11,0,1
BRDA:130,11,1,1
BRDA:157,12,0,2
BRDA:157,12,1,113
BRDA:159,13,0,1
BRDA:159,13,1,112
BRDA:160,14,0,1
BRDA:160,14,1,111
BRDA:161,15,0,0
BRDA:161,15,1,111
BRDA:162,16,0,1
BRDA:162,16,1,110
BRDA:166,17,0,1
BRDA:166,17,1,109
BRDA:204,18,0,4
BRDA:204,18,1,13
BRDA:284,19,0,0
BRDA:284,19,1,167
BRDA:285,20,0,0
BRDA:285,20,1,167
BRDA:289,21,0,3
BRDA:289,21,1,164
BRDA:289,22,0,3
BRDA:289,22,1,0
BRDA:294,23,0,44
BRDA:294,23,1,120
BRDA:295,24,0,11
BRDA:295,24,1,33
BRDA:297,25,0,5
BRDA:297,25,1,6
BRDA:297,26,0,3
BRDA:297,26,1,2
BRDA:303,27,0,24
BRDA:303,27,1,9
BRDA:320,28,0,7
BRDA:320,28,1,1
BRDA:324,29,0,10
BRDA:324,29,1,1
BRDA:326,30,0,8
BRDA:326,30,1,2
BRF:60
BRH:56
end_of_record
TN:
SF:/Users/frankmacmini/my-hardhat-project/contracts/MockEbookNFT.sol
FN:15,setHasEbookNFT
FN:19,setMintEbookSuccess
FN:23,hasEbookNFT
FN:27,hasEbookNFTByEbookId
FN:31,mintEbook
FN:38,mintEbookCalledWith
FNF:6
FNH:5
FNDA:10,setHasEbookNFT
FNDA:23,setMintEbookSuccess
FNDA:0,hasEbookNFT
FNDA:10,hasEbookNFTByEbookId
FNDA:4,mintEbook
FNDA:4,mintEbookCalledWith
DA:16,10
DA:20,23
DA:24,0
DA:28,10
DA:32,4
DA:33,4
DA:34,0
DA:39,4
LF:8
LH:6
BRDA:33,1,0,0
BRDA:33,1,1,4
BRF:2
BRH:1
end_of_record
TN:
SF:/Users/frankmacmini/my-hardhat-project/contracts/MockEbookRevenueDistribution.sol
FN:19,setReceiveUploadFeeSuccess
FN:23,setDistributeRevenueSuccess
FN:27,receiveUploadFee
FN:33,distributeRevenue
FN:38,distributeRevenueCalledWith
FNF:5
FNH:4
FNDA:22,setReceiveUploadFeeSuccess
FNDA:9,setDistributeRevenueSuccess
FNDA:0,receiveUploadFee
FNDA:4,distributeRevenue
FNDA:3,distributeRevenueCalledWith
DA:20,22
DA:24,9
DA:28,0
DA:29,0
DA:34,4
DA:35,4
DA:39,3
LF:7
LH:5
BRDA:28,1,0,0
BRDA:28,1,1,0
BRF:2
BRH:0
end_of_record
TN:
SF:/Users/frankmacmini/my-hardhat-project/contracts/MockERC20.sol
FN:14,constructor
FN:20,name
FN:24,symbol
FN:28,decimals
FN:32,totalSupply
FN:36,balanceOf
FN:40,transfer
FN:45,allowance
FN:49,approve
FN:54,transferFrom
FN:64,_transfer
FN:74,_approve
FN:82,mint
FNF:13
FNH:13
FNDA:235,constructor
FNDA:1,name
FNDA:1,symbol
FNDA:1,decimals
FNDA:1,totalSupply
FNDA:167,balanceOf
FNDA:308,transfer
FNDA:17,allowance
FNDA:174,approve
FNDA:246,transferFrom
FNDA:552,_transfer
FNDA:418,_approve
FNDA:448,mint
DA:15,235
DA:16,235
DA:17,235
DA:21,1
DA:25,1
DA:29,1
DA:33,1
DA:37,167
DA:41,308
DA:42,305
DA:46,17
DA:50,174
DA:51,174
DA:55,246
DA:56,246
DA:57,244
DA:58,244
DA:60,244
DA:61,244
DA:65,552
DA:66,552
DA:67,551
DA:69,549
DA:70,549
DA:71,549
DA:75,418
DA:76,418
DA:78,418
DA:79,418
DA:83,448
DA:84,447
LF:31
LH:31
BRDA:56,1,0,244
BRDA:56,1,1,2
BRDA:65,2,0,552
BRDA:65,2,1,0
BRDA:66,3,0,551
BRDA:66,3,1,1
BRDA:67,4,0,549
BRDA:67,4,1,2
BRDA:75,5,0,418
BRDA:75,5,1,0
BRDA:76,6,0,418
BRDA:76,6,1,0
BRF:12
BRH:9
end_of_record
TN:
SF:/Users/frankmacmini/my-hardhat-project/contracts/MockSalesDistributor.sol
FN:50,setEbookAuthorShareBPS
FN:59,setEbookReferrerShareBPS
FN:68,getEbookAuthorShareBPS
FN:77,getEbookReferrerShareBPS
FN:86,getEbookAuthor
FN:95,defineEbookForSale
FN:107,callDistributeRevenue
FNF:7
FNH:7
FNDA:27,setEbookAuthorShareBPS
FNDA:27,setEbookReferrerShareBPS
FNDA:12,getEbookAuthorShareBPS
FNDA:12,getEbookReferrerShareBPS
FNDA:13,getEbookAuthor
FNDA:24,defineEbookForSale
FNDA:14,callDistributeRevenue
DA:51,27
DA:60,27
DA:69,12
DA:78,12
DA:87,13
DA:96,24
DA:110,14
DA:111,14
DA:114,14
DA:115,14
DA:119,14
LF:11
LH:11
BRDA:114,1,0,14
BRDA:114,1,1,0
BRF:2
BRH:1
end_of_record
